2024-10-03 17:38:50,738 - INFO - Translated color 'White' to hex code '#ffffff'.
2024-10-03 17:38:54,865 - INFO - Translated color 'Pink' to hex code '#ffc0cb'.
2024-10-03 17:38:58,359 - INFO - Copied hex code '#ffc0cb' to clipboard.
2024-10-03 17:39:02,400 - INFO - Translated color 'Pink' to hex code '#ffc0cb'.
2024-10-03 17:39:04,066 - INFO - Translated color 'Yellow' to hex code '#ffff00'.
2024-10-03 17:39:06,537 - INFO - Translated color 'White' to hex code '#ffffff'.
2024-10-03 17:39:08,818 - INFO - Translated color 'Gray' to hex code '#808080'.
2024-10-03 17:39:17,504 - INFO - Translated color 'green' to hex code '#008000'.
2024-10-03 17:39:18,424 - INFO - Translated color 'green' to hex code '#008000'.
2024-10-03 17:39:18,609 - INFO - Translated color 'green' to hex code '#008000'.
2024-10-03 17:39:18,768 - INFO - Translated color 'green' to hex code '#008000'.
2024-10-03 17:39:18,944 - INFO - Translated color 'green' to hex code '#008000'.
2024-10-03 17:39:35,650 - ERROR - Color 'Sky blue' not found.
2024-10-03 17:39:36,553 - ERROR - Color 'Sky blue' not found.
2024-10-03 17:39:36,745 - ERROR - Color 'Sky blue' not found.
2024-10-03 17:39:36,850 - ERROR - Color 'Sky blue' not found.
2024-10-03 17:39:36,921 - ERROR - Color 'Sky blue' not found.
2024-10-03 17:39:37,105 - ERROR - Color 'Sky blue' not found.
2024-10-03 17:39:37,265 - ERROR - Color 'Sky blue' not found.
2024-10-03 17:39:37,449 - ERROR - Color 'Sky blue' not found.
2024-10-03 17:40:41,052 - INFO - Translated color 'Yellow' to hex code '#ffff00'.
2024-10-03 17:40:43,987 - INFO - Copied hex code '#ffff00' to clipboard.
2024-10-03 17:40:45,924 - INFO - Translated color 'Yellow' to hex code '#ffff00'.
2024-10-03 17:40:46,460 - INFO - Translated color 'Yellow' to hex code '#ffff00'.
2024-10-03 17:40:46,636 - INFO - Translated color 'Yellow' to hex code '#ffff00'.
2024-10-03 17:40:46,804 - INFO - Translated color 'Yellow' to hex code '#ffff00'.
